<?xml version="1.0" encoding="UTF-8"?>
<!-- Generated by org.testng.reporters.JUnitXMLReporter -->
<testsuite hostname="arlynns-MacBook-Pro.local" failures="0" tests="4" name="Default test" time="7.599" errors="0" timestamp="24 Dec 2017 17:39:33 GMT">
  <testcase classname="com.framework.automation.framework.homePage.HomePageDisplayVerification" name="WomenDressButton" time="0.972"/>
  <testcase classname="com.framework.automation.framework.homePage.HomePageDisplayVerification" name="verifyContactPageHomeLogo" time="0.642"/>
  <testcase classname="com.framework.automation.framework.homePage.HomePageDisplayVerification" name="verifyInformationSpecialsTopSeller" time="0.604"/>
  <testcase classname="com.framework.automation.framework.homePage.HomePageDisplayVerification" name="verifyNewsLetterInvitation" time="1.419"/>
</testsuite> <!-- Default test -->
